  relay_func.cpp
relay_func.cpp(9): warning C4244: '인수': 'SOCKET'에서 'int'(으)로 변환하면서 데이터가 손실될 수 있습니다.
relay_func.cpp(11): warning C4244: '인수': 'SOCKET'에서 'int'(으)로 변환하면서 데이터가 손실될 수 있습니다.
relay_func.cpp(27): warning C4244: '인수': 'SOCKET'에서 'int'(으)로 변환하면서 데이터가 손실될 수 있습니다.
relay_func.cpp(29): warning C4244: '인수': 'SOCKET'에서 'int'(으)로 변환하면서 데이터가 손실될 수 있습니다.
relay_func.cpp(45): warning C4244: '인수': 'SOCKET'에서 'int'(으)로 변환하면서 데이터가 손실될 수 있습니다.
relay_func.cpp(46): warning C4244: '인수': 'SOCKET'에서 'int'(으)로 변환하면서 데이터가 손실될 수 있습니다.
relay_func.cpp(53): warning C4244: '인수': 'SOCKET'에서 'int'(으)로 변환하면서 데이터가 손실될 수 있습니다.
relay_func.cpp(54): warning C4244: '인수': 'SOCKET'에서 'int'(으)로 변환하면서 데이터가 손실될 수 있습니다.
relay_func.cpp(71): warning C4244: '인수': 'SOCKET'에서 'int'(으)로 변환하면서 데이터가 손실될 수 있습니다.
relay_func.cpp(72): warning C4244: '인수': 'SOCKET'에서 'int'(으)로 변환하면서 데이터가 손실될 수 있습니다.
relay_func.cpp(85): warning C4244: '인수': 'SOCKET'에서 'int'(으)로 변환하면서 데이터가 손실될 수 있습니다.
relay_func.cpp(86): warning C4244: '인수': 'SOCKET'에서 'int'(으)로 변환하면서 데이터가 손실될 수 있습니다.
relay_func.cpp(88): warning C4244: '인수': 'SOCKET'에서 'int'(으)로 변환하면서 데이터가 손실될 수 있습니다.
relay_func.cpp(89): warning C4244: '인수': 'SOCKET'에서 'int'(으)로 변환하면서 데이터가 손실될 수 있습니다.
relay_func.cpp(90): warning C4244: '인수': 'SOCKET'에서 'int'(으)로 변환하면서 데이터가 손실될 수 있습니다.
relay_func.cpp(91): warning C4244: '인수': 'SOCKET'에서 'int'(으)로 변환하면서 데이터가 손실될 수 있습니다.
relay_func.cpp(99): warning C4244: '인수': 'SOCKET'에서 'int'(으)로 변환하면서 데이터가 손실될 수 있습니다.
relay_func.cpp(101): warning C4244: '인수': 'SOCKET'에서 'int'(으)로 변환하면서 데이터가 손실될 수 있습니다.
relay_func.cpp(114): warning C4244: '인수': 'SOCKET'에서 'int'(으)로 변환하면서 데이터가 손실될 수 있습니다.
relay_func.cpp(115): warning C4244: '인수': 'SOCKET'에서 'int'(으)로 변환하면서 데이터가 손실될 수 있습니다.
relay_func.cpp(116): warning C4244: '인수': 'SOCKET'에서 'int'(으)로 변환하면서 데이터가 손실될 수 있습니다.
relay_func.cpp(130): warning C4244: '인수': 'SOCKET'에서 'int'(으)로 변환하면서 데이터가 손실될 수 있습니다.
relay_func.cpp(131): warning C4244: '인수': 'SOCKET'에서 'int'(으)로 변환하면서 데이터가 손실될 수 있습니다.
relay_func.cpp(132): warning C4244: '인수': 'SOCKET'에서 'int'(으)로 변환하면서 데이터가 손실될 수 있습니다.
relay_func.cpp(134): warning C4244: '인수': 'SOCKET'에서 'int'(으)로 변환하면서 데이터가 손실될 수 있습니다.
relay_func.cpp(136): warning C4244: '인수': 'SOCKET'에서 'int'(으)로 변환하면서 데이터가 손실될 수 있습니다.
relay_func.cpp(137): warning C4244: '인수': 'SOCKET'에서 'int'(으)로 변환하면서 데이터가 손실될 수 있습니다.
  relay_main.cpp
relay_main.cpp(74): warning C4244: '인수': 'SOCKET'에서 'int'(으)로 변환하면서 데이터가 손실될 수 있습니다.
relay_main.cpp(76): warning C4244: '인수': 'SOCKET'에서 'int'(으)로 변환하면서 데이터가 손실될 수 있습니다.
relay_main.cpp(58): warning C4101: 'select' :참조되지 않은 지역 변수입니다.
  코드를 생성하고 있습니다.
c:\users\hong\documents\visual studio 2015\projects\새로 짜는 텀프로젝트\relay\relay_func.cpp(138): warning C4715: 'Register': 모든 제어 경로에서 값을 반환하지는 않습니다.
c:\users\hong\documents\visual studio 2015\projects\새로 짜는 텀프로젝트\relay\relay_func.cpp(30): warning C4715: 'View': 모든 제어 경로에서 값을 반환하지는 않습니다.
c:\users\hong\documents\visual studio 2015\projects\새로 짜는 텀프로젝트\relay\relay_func.cpp(108): warning C4715: 'Login': 모든 제어 경로에서 값을 반환하지는 않습니다.
  7 of 14 functions (50.0%) were compiled, the rest were copied from previous compilation.
    0 functions were new in current compilation
    0 functions had inline decision re-evaluated but remain unchanged
  코드를 생성했습니다.
  Relay.vcxproj -> C:\Users\hong\documents\visual studio 2015\Projects\새로 짜는 텀프로젝트\x64\Release\Relay.exe
  Relay.vcxproj -> C:\Users\hong\documents\visual studio 2015\Projects\새로 짜는 텀프로젝트\x64\Release\Relay.pdb (Full PDB)
