  relay_func.cpp
relay_func.cpp(9): warning C4244: '인수': 'SOCKET'에서 'int'(으)로 변환하면서 데이터가 손실될 수 있습니다.
relay_func.cpp(11): warning C4244: '인수': 'SOCKET'에서 'int'(으)로 변환하면서 데이터가 손실될 수 있습니다.
relay_func.cpp(28): warning C4244: '인수': 'SOCKET'에서 'int'(으)로 변환하면서 데이터가 손실될 수 있습니다.
relay_func.cpp(31): warning C4244: '인수': 'SOCKET'에서 'int'(으)로 변환하면서 데이터가 손실될 수 있습니다.
relay_func.cpp(47): warning C4244: '인수': 'SOCKET'에서 'int'(으)로 변환하면서 데이터가 손실될 수 있습니다.
relay_func.cpp(48): warning C4244: '인수': 'SOCKET'에서 'int'(으)로 변환하면서 데이터가 손실될 수 있습니다.
relay_func.cpp(55): warning C4244: '인수': 'SOCKET'에서 'int'(으)로 변환하면서 데이터가 손실될 수 있습니다.
relay_func.cpp(56): warning C4244: '인수': 'SOCKET'에서 'int'(으)로 변환하면서 데이터가 손실될 수 있습니다.
relay_func.cpp(73): warning C4244: '인수': 'SOCKET'에서 'int'(으)로 변환하면서 데이터가 손실될 수 있습니다.
relay_func.cpp(87): warning C4244: '인수': 'SOCKET'에서 'int'(으)로 변환하면서 데이터가 손실될 수 있습니다.
relay_func.cpp(89): warning C4244: '인수': 'SOCKET'에서 'int'(으)로 변환하면서 데이터가 손실될 수 있습니다.
relay_func.cpp(90): warning C4244: '인수': 'SOCKET'에서 'int'(으)로 변환하면서 데이터가 손실될 수 있습니다.
relay_func.cpp(104): warning C4244: '인수': 'SOCKET'에서 'int'(으)로 변환하면서 데이터가 손실될 수 있습니다.
relay_func.cpp(105): warning C4244: '인수': 'SOCKET'에서 'int'(으)로 변환하면서 데이터가 손실될 수 있습니다.
relay_func.cpp(107): warning C4244: '인수': 'SOCKET'에서 'int'(으)로 변환하면서 데이터가 손실될 수 있습니다.
relay_func.cpp(108): warning C4244: '인수': 'SOCKET'에서 'int'(으)로 변환하면서 데이터가 손실될 수 있습니다.
relay_func.cpp(109): warning C4244: '인수': 'SOCKET'에서 'int'(으)로 변환하면서 데이터가 손실될 수 있습니다.
relay_func.cpp(113): warning C4244: '인수': 'SOCKET'에서 'int'(으)로 변환하면서 데이터가 손실될 수 있습니다.
relay_func.cpp(121): warning C4244: '인수': 'SOCKET'에서 'int'(으)로 변환하면서 데이터가 손실될 수 있습니다.
relay_func.cpp(125): warning C4244: '인수': 'SOCKET'에서 'int'(으)로 변환하면서 데이터가 손실될 수 있습니다.
relay_func.cpp(98): warning C4996: 'getch': The POSIX name for this item is deprecated. Instead, use the ISO C and C++ conformant name: _getch. See online help for details.
  C:\Program Files (x86)\Windows Kits\10\Include\10.0.10240.0\ucrt\conio.h(452): note: 'getch' 선언을 참조하십시오.
relay_func.cpp(138): warning C4244: '인수': 'SOCKET'에서 'int'(으)로 변환하면서 데이터가 손실될 수 있습니다.
relay_func.cpp(139): warning C4244: '인수': 'SOCKET'에서 'int'(으)로 변환하면서 데이터가 손실될 수 있습니다.
relay_func.cpp(140): warning C4244: '인수': 'SOCKET'에서 'int'(으)로 변환하면서 데이터가 손실될 수 있습니다.
relay_func.cpp(154): warning C4244: '인수': 'SOCKET'에서 'int'(으)로 변환하면서 데이터가 손실될 수 있습니다.
relay_func.cpp(155): warning C4244: '인수': 'SOCKET'에서 'int'(으)로 변환하면서 데이터가 손실될 수 있습니다.
relay_func.cpp(156): warning C4244: '인수': 'SOCKET'에서 'int'(으)로 변환하면서 데이터가 손실될 수 있습니다.
relay_func.cpp(159): warning C4244: '인수': 'SOCKET'에서 'int'(으)로 변환하면서 데이터가 손실될 수 있습니다.
relay_func.cpp(161): warning C4244: '인수': 'SOCKET'에서 'int'(으)로 변환하면서 데이터가 손실될 수 있습니다.
relay_func.cpp(162): warning C4244: '인수': 'SOCKET'에서 'int'(으)로 변환하면서 데이터가 손실될 수 있습니다.
  코드를 생성하고 있습니다.
c:\users\hong\documents\visual studio 2015\projects\새로 짜는 텀프로젝트\relay\relay_func.cpp(132): warning C4715: 'Login': 모든 제어 경로에서 값을 반환하지는 않습니다.
  3 of 14 functions (21.4%) were compiled, the rest were copied from previous compilation.
    0 functions were new in current compilation
    1 functions had inline decision re-evaluated but remain unchanged
  코드를 생성했습니다.
  Relay.vcxproj -> C:\Users\Hong\Documents\Visual Studio 2015\Projects\새로 짜는 텀프로젝트\x64\Release\Relay.exe
  Relay.vcxproj -> C:\Users\Hong\Documents\Visual Studio 2015\Projects\새로 짜는 텀프로젝트\x64\Release\Relay.pdb (Full PDB)
