c:\users\hong\documents\visual studio 2015\projects\새로 짜는 텀프로젝트\dll\x64\release\vc140.pdb
c:\users\hong\documents\visual studio 2015\projects\새로 짜는 텀프로젝트\dll\x64\release\top.obj
c:\users\hong\documents\visual studio 2015\projects\새로 짜는 텀프로젝트\dll\x64\release\sha256.obj
c:\users\hong\documents\visual studio 2015\projects\새로 짜는 텀프로젝트\dll\x64\release\make_server.obj
c:\users\hong\documents\visual studio 2015\projects\새로 짜는 텀프로젝트\dll\x64\release\make_client.obj
c:\users\hong\documents\visual studio 2015\projects\새로 짜는 텀프로젝트\dll\x64\release\log.obj
c:\users\hong\documents\visual studio 2015\projects\새로 짜는 텀프로젝트\dll\x64\release\feistel.obj
c:\users\hong\documents\visual studio 2015\projects\새로 짜는 텀프로젝트\dll\x64\release\ecc.obj
c:\users\hong\documents\visual studio 2015\projects\새로 짜는 텀프로젝트\dll\x64\release\communication.obj
c:\users\hong\documents\visual studio 2015\projects\새로 짜는 텀프로젝트\dll\x64\release\a5_1.obj
c:\users\hong\documents\visual studio 2015\projects\새로 짜는 텀프로젝트\dll\x64\release\bigunsignedinabase.obj
c:\users\hong\documents\visual studio 2015\projects\새로 짜는 텀프로젝트\dll\x64\release\bigunsigned.obj
c:\users\hong\documents\visual studio 2015\projects\새로 짜는 텀프로젝트\dll\x64\release\bigintegerutils.obj
c:\users\hong\documents\visual studio 2015\projects\새로 짜는 텀프로젝트\dll\x64\release\bigintegeralgorithms.obj
c:\users\hong\documents\visual studio 2015\projects\새로 짜는 텀프로젝트\dll\x64\release\biginteger.obj
c:\users\hong\documents\visual studio 2015\projects\새로 짜는 텀프로젝트\dll\x64\release\srver_pfs.obj
c:\users\hong\documents\visual studio 2015\projects\새로 짜는 텀프로젝트\dll\x64\release\client_pfs.obj
c:\users\hong\documents\visual studio 2015\projects\새로 짜는 텀프로젝트\dll\x64\release\rsa.obj
c:\users\hong\documents\visual studio 2015\projects\새로 짜는 텀프로젝트\x64\release\dll.lib
c:\users\hong\documents\visual studio 2015\projects\새로 짜는 텀프로젝트\x64\release\dll.exp
c:\users\hong\documents\visual studio 2015\projects\새로 짜는 텀프로젝트\x64\release\dll.dll
c:\users\hong\documents\visual studio 2015\projects\새로 짜는 텀프로젝트\x64\release\dll.ipdb
c:\users\hong\documents\visual studio 2015\projects\새로 짜는 텀프로젝트\x64\release\dll.iobj
c:\users\hong\documents\visual studio 2015\projects\새로 짜는 텀프로젝트\x64\release\dll.pdb
c:\users\hong\documents\visual studio 2015\projects\새로 짜는 텀프로젝트\dll\..\x64\release\dll.dll
c:\users\hong\documents\visual studio 2015\projects\새로 짜는 텀프로젝트\dll\x64\release\dll.tlog\cl.command.1.tlog
c:\users\hong\documents\visual studio 2015\projects\새로 짜는 텀프로젝트\dll\x64\release\dll.tlog\cl.read.1.tlog
c:\users\hong\documents\visual studio 2015\projects\새로 짜는 텀프로젝트\dll\x64\release\dll.tlog\cl.write.1.tlog
c:\users\hong\documents\visual studio 2015\projects\새로 짜는 텀프로젝트\dll\x64\release\dll.tlog\dll.write.1u.tlog
c:\users\hong\documents\visual studio 2015\projects\새로 짜는 텀프로젝트\dll\x64\release\dll.tlog\link.command.1.tlog
c:\users\hong\documents\visual studio 2015\projects\새로 짜는 텀프로젝트\dll\x64\release\dll.tlog\link.read.1.tlog
c:\users\hong\documents\visual studio 2015\projects\새로 짜는 텀프로젝트\dll\x64\release\dll.tlog\link.write.1.tlog
