  server_func.cpp
server_func.cpp(37): warning C4101: 'buf' :참조되지 않은 지역 변수입니다.
server_func.cpp(64): warning C4101: 'money' :참조되지 않은 지역 변수입니다.
server_func.cpp(100): warning C4244: '인수': 'SOCKET'에서 'int'(으)로 변환하면서 데이터가 손실될 수 있습니다.
server_func.cpp(103): warning C4244: '인수': 'SOCKET'에서 'int'(으)로 변환하면서 데이터가 손실될 수 있습니다.
server_func.cpp(107): warning C4101: 'buf' :참조되지 않은 지역 변수입니다.
server_func.cpp(138): warning C4244: '인수': 'SOCKET'에서 'int'(으)로 변환하면서 데이터가 손실될 수 있습니다.
server_func.cpp(149): warning C4244: '인수': 'SOCKET'에서 'int'(으)로 변환하면서 데이터가 손실될 수 있습니다.
server_func.cpp(170): warning C4244: '인수': 'time_t'에서 'unsigned int'(으)로 변환하면서 데이터가 손실될 수 있습니다.
server_func.cpp(174): warning C4244: '인수': 'SOCKET'에서 'int'(으)로 변환하면서 데이터가 손실될 수 있습니다.
server_func.cpp(176): warning C4244: '인수': 'SOCKET'에서 'int'(으)로 변환하면서 데이터가 손실될 수 있습니다.
server_func.cpp(178): warning C4244: '인수': 'SOCKET'에서 'int'(으)로 변환하면서 데이터가 손실될 수 있습니다.
server_func.cpp(205): warning C4244: '인수': 'SOCKET'에서 'int'(으)로 변환하면서 데이터가 손실될 수 있습니다.
server_func.cpp(233): warning C4244: '인수': 'SOCKET'에서 'int'(으)로 변환하면서 데이터가 손실될 수 있습니다.
server_func.cpp(236): warning C4244: '인수': 'SOCKET'에서 'int'(으)로 변환하면서 데이터가 손실될 수 있습니다.
server_func.cpp(244): warning C4244: '인수': 'SOCKET'에서 'int'(으)로 변환하면서 데이터가 손실될 수 있습니다.
server_func.cpp(259): warning C4244: '인수': 'SOCKET'에서 'int'(으)로 변환하면서 데이터가 손실될 수 있습니다.
server_func.cpp(262): warning C4244: '인수': 'SOCKET'에서 'int'(으)로 변환하면서 데이터가 손실될 수 있습니다.
server_func.cpp(269): warning C4244: '인수': 'SOCKET'에서 'int'(으)로 변환하면서 데이터가 손실될 수 있습니다.
server_func.cpp(272): warning C4244: '인수': 'SOCKET'에서 'int'(으)로 변환하면서 데이터가 손실될 수 있습니다.
server_func.cpp(168): warning C4101: 'tmp' :참조되지 않은 지역 변수입니다.
server_func.cpp(281): warning C4244: '인수': 'SOCKET'에서 'int'(으)로 변환하면서 데이터가 손실될 수 있습니다.
server_func.cpp(283): warning C4244: '인수': 'SOCKET'에서 'int'(으)로 변환하면서 데이터가 손실될 수 있습니다.
server_func.cpp(287): warning C4244: '인수': 'SOCKET'에서 'int'(으)로 변환하면서 데이터가 손실될 수 있습니다.
server_func.cpp(289): warning C4244: '인수': 'SOCKET'에서 'int'(으)로 변환하면서 데이터가 손실될 수 있습니다.
server_func.cpp(309): warning C4244: '인수': 'SOCKET'에서 'int'(으)로 변환하면서 데이터가 손실될 수 있습니다.
server_func.cpp(316): warning C4244: '인수': 'SOCKET'에서 'int'(으)로 변환하면서 데이터가 손실될 수 있습니다.
server_func.cpp(279): warning C4101: 'tmp' :참조되지 않은 지역 변수입니다.
  코드를 생성하고 있습니다.
c:\users\hong\documents\visual studio 2015\projects\새로 짜는 텀프로젝트\server\server_func.cpp(274): warning C4715: 'Login': 모든 제어 경로에서 값을 반환하지는 않습니다.
  3 of 24 functions (12.5%) were compiled, the rest were copied from previous compilation.
    0 functions were new in current compilation
    1 functions had inline decision re-evaluated but remain unchanged
  코드를 생성했습니다.
  Server.vcxproj -> C:\Users\Hong\Documents\Visual Studio 2015\Projects\새로 짜는 텀프로젝트\x64\Release\Server.exe
  Server.vcxproj -> C:\Users\Hong\Documents\Visual Studio 2015\Projects\새로 짜는 텀프로젝트\x64\Release\Server.pdb (Full PDB)
