  relay_func.cpp
relay_func.cpp(9): warning C4244: '인수': 'SOCKET'에서 'int'(으)로 변환하면서 데이터가 손실될 수 있습니다.
relay_func.cpp(11): warning C4244: '인수': 'SOCKET'에서 'int'(으)로 변환하면서 데이터가 손실될 수 있습니다.
relay_func.cpp(27): warning C4244: '인수': 'SOCKET'에서 'int'(으)로 변환하면서 데이터가 손실될 수 있습니다.
relay_func.cpp(29): warning C4244: '인수': 'SOCKET'에서 'int'(으)로 변환하면서 데이터가 손실될 수 있습니다.
relay_func.cpp(45): warning C4244: '인수': 'SOCKET'에서 'int'(으)로 변환하면서 데이터가 손실될 수 있습니다.
relay_func.cpp(46): warning C4244: '인수': 'SOCKET'에서 'int'(으)로 변환하면서 데이터가 손실될 수 있습니다.
relay_func.cpp(53): warning C4244: '인수': 'SOCKET'에서 'int'(으)로 변환하면서 데이터가 손실될 수 있습니다.
relay_func.cpp(54): warning C4244: '인수': 'SOCKET'에서 'int'(으)로 변환하면서 데이터가 손실될 수 있습니다.
relay_func.cpp(71): warning C4244: '인수': 'SOCKET'에서 'int'(으)로 변환하면서 데이터가 손실될 수 있습니다.
relay_func.cpp(72): warning C4244: '인수': 'SOCKET'에서 'int'(으)로 변환하면서 데이터가 손실될 수 있습니다.
relay_func.cpp(85): warning C4244: '인수': 'SOCKET'에서 'int'(으)로 변환하면서 데이터가 손실될 수 있습니다.
relay_func.cpp(86): warning C4244: '인수': 'SOCKET'에서 'int'(으)로 변환하면서 데이터가 손실될 수 있습니다.
relay_func.cpp(88): warning C4244: '인수': 'SOCKET'에서 'int'(으)로 변환하면서 데이터가 손실될 수 있습니다.
relay_func.cpp(89): warning C4244: '인수': 'SOCKET'에서 'int'(으)로 변환하면서 데이터가 손실될 수 있습니다.
relay_func.cpp(90): warning C4244: '인수': 'SOCKET'에서 'int'(으)로 변환하면서 데이터가 손실될 수 있습니다.
relay_func.cpp(91): warning C4244: '인수': 'SOCKET'에서 'int'(으)로 변환하면서 데이터가 손실될 수 있습니다.
relay_func.cpp(99): warning C4244: '인수': 'SOCKET'에서 'int'(으)로 변환하면서 데이터가 손실될 수 있습니다.
relay_func.cpp(101): warning C4244: '인수': 'SOCKET'에서 'int'(으)로 변환하면서 데이터가 손실될 수 있습니다.
relay_func.cpp(114): warning C4244: '인수': 'SOCKET'에서 'int'(으)로 변환하면서 데이터가 손실될 수 있습니다.
relay_func.cpp(115): warning C4244: '인수': 'SOCKET'에서 'int'(으)로 변환하면서 데이터가 손실될 수 있습니다.
relay_func.cpp(116): warning C4244: '인수': 'SOCKET'에서 'int'(으)로 변환하면서 데이터가 손실될 수 있습니다.
relay_func.cpp(130): warning C4244: '인수': 'SOCKET'에서 'int'(으)로 변환하면서 데이터가 손실될 수 있습니다.
relay_func.cpp(131): warning C4244: '인수': 'SOCKET'에서 'int'(으)로 변환하면서 데이터가 손실될 수 있습니다.
relay_func.cpp(132): warning C4244: '인수': 'SOCKET'에서 'int'(으)로 변환하면서 데이터가 손실될 수 있습니다.
relay_func.cpp(134): warning C4244: '인수': 'SOCKET'에서 'int'(으)로 변환하면서 데이터가 손실될 수 있습니다.
relay_func.cpp(136): warning C4244: '인수': 'SOCKET'에서 'int'(으)로 변환하면서 데이터가 손실될 수 있습니다.
relay_func.cpp(137): warning C4244: '인수': 'SOCKET'에서 'int'(으)로 변환하면서 데이터가 손실될 수 있습니다.
relay_func.cpp(171): warning C4244: '인수': 'SOCKET'에서 'int'(으)로 변환하면서 데이터가 손실될 수 있습니다.
relay_func.cpp(173): warning C4244: '인수': 'SOCKET'에서 'int'(으)로 변환하면서 데이터가 손실될 수 있습니다.
relay_func.cpp(176): warning C4244: '인수': 'SOCKET'에서 'int'(으)로 변환하면서 데이터가 손실될 수 있습니다.
relay_func.cpp(178): warning C4244: '인수': 'SOCKET'에서 'int'(으)로 변환하면서 데이터가 손실될 수 있습니다.
relay_func.cpp(181): warning C4244: '인수': 'SOCKET'에서 'int'(으)로 변환하면서 데이터가 손실될 수 있습니다.
relay_func.cpp(182): warning C4244: '인수': 'SOCKET'에서 'int'(으)로 변환하면서 데이터가 손실될 수 있습니다.
relay_func.cpp(184): warning C4244: '인수': 'SOCKET'에서 'int'(으)로 변환하면서 데이터가 손실될 수 있습니다.
relay_func.cpp(185): warning C4244: '인수': 'SOCKET'에서 'int'(으)로 변환하면서 데이터가 손실될 수 있습니다.
relay_func.cpp(193): warning C4244: '인수': 'SOCKET'에서 'int'(으)로 변환하면서 데이터가 손실될 수 있습니다.
relay_func.cpp(194): warning C4244: '인수': 'SOCKET'에서 'int'(으)로 변환하면서 데이터가 손실될 수 있습니다.
relay_func.cpp(196): warning C4244: '인수': 'SOCKET'에서 'int'(으)로 변환하면서 데이터가 손실될 수 있습니다.
relay_func.cpp(197): warning C4244: '인수': 'SOCKET'에서 'int'(으)로 변환하면서 데이터가 손실될 수 있습니다.
relay_func.cpp(198): warning C4244: '인수': 'SOCKET'에서 'int'(으)로 변환하면서 데이터가 손실될 수 있습니다.
relay_func.cpp(199): warning C4244: '인수': 'SOCKET'에서 'int'(으)로 변환하면서 데이터가 손실될 수 있습니다.
relay_func.cpp(200): warning C4244: '인수': 'SOCKET'에서 'int'(으)로 변환하면서 데이터가 손실될 수 있습니다.
relay_func.cpp(201): warning C4244: '인수': 'SOCKET'에서 'int'(으)로 변환하면서 데이터가 손실될 수 있습니다.
relay_func.cpp(202): warning C4244: '인수': 'SOCKET'에서 'int'(으)로 변환하면서 데이터가 손실될 수 있습니다.
relay_func.cpp(203): warning C4244: '인수': 'SOCKET'에서 'int'(으)로 변환하면서 데이터가 손실될 수 있습니다.
relay_func.cpp(205): warning C4244: '인수': 'SOCKET'에서 'int'(으)로 변환하면서 데이터가 손실될 수 있습니다.
relay_func.cpp(206): warning C4244: '인수': 'SOCKET'에서 'int'(으)로 변환하면서 데이터가 손실될 수 있습니다.
relay_func.cpp(208): warning C4244: '인수': 'SOCKET'에서 'int'(으)로 변환하면서 데이터가 손실될 수 있습니다.
relay_func.cpp(209): warning C4244: '인수': 'SOCKET'에서 'int'(으)로 변환하면서 데이터가 손실될 수 있습니다.
relay_func.cpp(210): warning C4244: '인수': 'SOCKET'에서 'int'(으)로 변환하면서 데이터가 손실될 수 있습니다.
relay_func.cpp(211): warning C4244: '인수': 'SOCKET'에서 'int'(으)로 변환하면서 데이터가 손실될 수 있습니다.
relay_func.cpp(212): warning C4244: '인수': 'SOCKET'에서 'int'(으)로 변환하면서 데이터가 손실될 수 있습니다.
relay_func.cpp(213): warning C4244: '인수': 'SOCKET'에서 'int'(으)로 변환하면서 데이터가 손실될 수 있습니다.
relay_func.cpp(214): warning C4244: '인수': 'SOCKET'에서 'int'(으)로 변환하면서 데이터가 손실될 수 있습니다.
relay_func.cpp(215): warning C4244: '인수': 'SOCKET'에서 'int'(으)로 변환하면서 데이터가 손실될 수 있습니다.
  relay_main.cpp
relay_main.cpp(84): warning C4244: '인수': 'SOCKET'에서 'int'(으)로 변환하면서 데이터가 손실될 수 있습니다.
relay_main.cpp(86): warning C4244: '인수': 'SOCKET'에서 'int'(으)로 변환하면서 데이터가 손실될 수 있습니다.
relay_main.cpp(59): warning C4101: 'select' :참조되지 않은 지역 변수입니다.
  코드를 생성하고 있습니다.
c:\users\hong\documents\visual studio 2015\projects\새로 짜는 텀프로젝트\relay\relay_func.cpp(218): warning C4715: 'Generate_Session_Key': 모든 제어 경로에서 값을 반환하지는 않습니다.
c:\users\hong\documents\visual studio 2015\projects\새로 짜는 텀프로젝트\relay\relay_func.cpp(186): warning C4715: 
  4 of 22 functions (18.2%) were compiled, the rest were copied from previous compilation.
    2 functions were new in current compilation
    0 functions had inline decision re-evaluated but remain unchanged
  코드를 생성했습니다.
  Relay.vcxproj -> C:\Users\Hong\Documents\Visual Studio 2015\Projects\새로 짜는 텀프로젝트\x64\Release\Relay.exe
  Relay.vcxproj -> C:\Users\Hong\Documents\Visual Studio 2015\Projects\새로 짜는 텀프로젝트\x64\Release\Relay.pdb (Full PDB)
