  client_func.cpp
client_func.cpp(38): warning C4244: '인수': 'SOCKET'에서 'int'(으)로 변환하면서 데이터가 손실될 수 있습니다.
client_func.cpp(41): warning C4244: '인수': 'SOCKET'에서 'int'(으)로 변환하면서 데이터가 손실될 수 있습니다.
client_func.cpp(48): warning C4996: 'getch': The POSIX name for this item is deprecated. Instead, use the ISO C and C++ conformant name: _getch. See online help for details.
  C:\Program Files (x86)\Windows Kits\10\Include\10.0.10240.0\ucrt\conio.h(452): note: 'getch' 선언을 참조하십시오.
client_func.cpp(74): warning C4244: '인수': 'SOCKET'에서 'int'(으)로 변환하면서 데이터가 손실될 수 있습니다.
client_func.cpp(102): warning C4244: '인수': 'SOCKET'에서 'int'(으)로 변환하면서 데이터가 손실될 수 있습니다.
client_func.cpp(109): warning C4101: 'buf' :참조되지 않은 지역 변수입니다.
client_func.cpp(188): warning C4244: '인수': 'SOCKET'에서 'int'(으)로 변환하면서 데이터가 손실될 수 있습니다.
client_func.cpp(190): warning C4244: '인수': 'SOCKET'에서 'int'(으)로 변환하면서 데이터가 손실될 수 있습니다.
client_func.cpp(192): warning C4244: '인수': 'SOCKET'에서 'int'(으)로 변환하면서 데이터가 손실될 수 있습니다.
client_func.cpp(194): warning C4244: '인수': 'SOCKET'에서 'int'(으)로 변환하면서 데이터가 손실될 수 있습니다.
client_func.cpp(209): warning C4244: '인수': 'SOCKET'에서 'int'(으)로 변환하면서 데이터가 손실될 수 있습니다.
client_func.cpp(213): warning C4244: '인수': 'SOCKET'에서 'int'(으)로 변환하면서 데이터가 손실될 수 있습니다.
client_func.cpp(216): warning C4244: '인수': 'SOCKET'에서 'int'(으)로 변환하면서 데이터가 손실될 수 있습니다.
client_func.cpp(234): warning C4244: '인수': 'SOCKET'에서 'int'(으)로 변환하면서 데이터가 손실될 수 있습니다.
client_func.cpp(239): warning C4244: '인수': 'SOCKET'에서 'int'(으)로 변환하면서 데이터가 손실될 수 있습니다.
client_func.cpp(241): warning C4244: '인수': 'SOCKET'에서 'int'(으)로 변환하면서 데이터가 손실될 수 있습니다.
client_func.cpp(245): warning C4244: '인수': 'SOCKET'에서 'int'(으)로 변환하면서 데이터가 손실될 수 있습니다.
client_func.cpp(260): warning C4244: '인수': 'SOCKET'에서 'int'(으)로 변환하면서 데이터가 손실될 수 있습니다.
client_func.cpp(279): warning C4244: '인수': 'SOCKET'에서 'int'(으)로 변환하면서 데이터가 손실될 수 있습니다.
  코드를 생성하고 있습니다.
  3 of 20 functions (15.0%) were compiled, the rest were copied from previous compilation.
    0 functions were new in current compilation
    7 functions had inline decision re-evaluated but remain unchanged
  코드를 생성했습니다.
  Client.vcxproj -> C:\Users\Hong\Documents\Visual Studio 2015\Projects\새로 짜는 텀프로젝트\x64\Release\Client.exe
  Client.vcxproj -> C:\Users\Hong\Documents\Visual Studio 2015\Projects\새로 짜는 텀프로젝트\x64\Release\Client.pdb (Full PDB)
